<?xml version="1.0" encoding="UTF-8"?>
<!-- A script containing perception events to be posted at each "tick" from
	the environment in the MotivationTestEnvironment class.
	Time is assumed to start at 0, which is the moment the environment class
	is instantiated. -->
<script>
	<step time="0">
		have(resource1).
		have(resource2).
		have(resource3).
		have(resource4).
	</step>
	
	<step time="1">
		event1.
	</step>
	
	<step time="2">
		clear(2).
	</step>
	
	<step time="3">
		event2.
	</step>
	
	<step time="4">
		clear(4).
	</step>
	
	<step time="5">
		event3.
	</step>
	
	<step time="6">
		clear(6).
	</step>
	
	<step time="7">
		event4.
	</step>
	
	<step time="8">
		clear(8).
	</step>
	
	<step time="9">
		event5.
	</step>
	
	<step time="10">
		clear(10).
	</step>
	
	<step time="11">
		event6.
	</step>
	
	<step time="12">
		clear(12).
	</step>
	
	<step time="13">
		event7.
	</step>
	
	<step time="14">
		clear(14).
	</step>
	
	<step time="16">
		endSimulation.
	</step>
</script>